<?xml version="1.0" encoding="UTF-8" standalone="no"?>
<testsuite failures="0" name="cucumber.runtime.formatter.JUnitFormatter" skipped="0" tests="1" time="83.612395">
<testcase classname="Searching Product and placing order" name="Searching Product with valid user credebtials" time="83.612395">
<system-out><![CDATA[Given user login into application...........................................passed
And user search a "Product".................................................passed
And user click on the add item to cart field................................passed
And user click on the proceed to checkout field.............................passed
And user click on agree term and proceed to checkout field..................passed
And user add payment method.................................................passed
When user click on the confirm order........................................passed
Then user should be able to place order of the product......................passed
]]></system-out>
</testcase>
</testsuite>
